1579907912716	mozrunner::runner	INFO	Running command: "/usr/bin/firefox" "-marionette" "-foreground" "-no-remote" "-profile" "/tmp/rust_mozprofileVNgTG9"
1579907913046	addons.webextension.doh-rollout@mozilla.org	WARN	Loading extension 'doh-rollout@mozilla.org': Reading manifest: Invalid extension permission: networkStatus
1579907913168	addons.webextension.screenshots@mozilla.org	WARN	Loading extension 'screenshots@mozilla.org': Reading manifest: Invalid extension permission: mozillaAddons
1579907913168	addons.webextension.screenshots@mozilla.org	WARN	Loading extension 'screenshots@mozilla.org': Reading manifest: Invalid extension permission: telemetry
1579907913168	addons.webextension.screenshots@mozilla.org	WARN	Loading extension 'screenshots@mozilla.org': Reading manifest: Invalid extension permission: resource://pdf.js/
1579907913168	addons.webextension.screenshots@mozilla.org	WARN	Loading extension 'screenshots@mozilla.org': Reading manifest: Invalid extension permission: about:reader*
1579907914757	Marionette	INFO	Listening on port 40341
1579907914823	Marionette	WARN	TLS certificate errors will be ignored for this session
JavaScript warning: http://awardsdatabase.oscars.org/Scripts/jquery-1.10.2.min.js?~v=CIgR5JV-o3H5Xo1omTIPxo08-hXmDjKiBRvWT0NZD7w1, line 19: Using //@ to indicate sourceMappingURL pragmas is deprecated. Use //# instead
1579907916330	Marionette	INFO	Stopped listening on port 40341
1579907995236	mozrunner::runner	INFO	Running command: "/usr/bin/firefox" "-marionette" "-foreground" "-no-remote" "-profile" "/tmp/rust_mozprofileQwzc5f"
1579907995547	addons.webextension.doh-rollout@mozilla.org	WARN	Loading extension 'doh-rollout@mozilla.org': Reading manifest: Invalid extension permission: networkStatus
1579907995670	addons.webextension.screenshots@mozilla.org	WARN	Loading extension 'screenshots@mozilla.org': Reading manifest: Invalid extension permission: mozillaAddons
1579907995670	addons.webextension.screenshots@mozilla.org	WARN	Loading extension 'screenshots@mozilla.org': Reading manifest: Invalid extension permission: telemetry
1579907995670	addons.webextension.screenshots@mozilla.org	WARN	Loading extension 'screenshots@mozilla.org': Reading manifest: Invalid extension permission: resource://pdf.js/
1579907995670	addons.webextension.screenshots@mozilla.org	WARN	Loading extension 'screenshots@mozilla.org': Reading manifest: Invalid extension permission: about:reader*
1579907997274	Marionette	INFO	Listening on port 42565
1579907997343	Marionette	WARN	TLS certificate errors will be ignored for this session
JavaScript warning: http://awardsdatabase.oscars.org/Scripts/jquery-1.10.2.min.js?~v=CIgR5JV-o3H5Xo1omTIPxo08-hXmDjKiBRvWT0NZD7w1, line 19: Using //@ to indicate sourceMappingURL pragmas is deprecated. Use //# instead
1579908126363	mozrunner::runner	INFO	Running command: "/usr/bin/firefox" "-marionette" "-foreground" "-no-remote" "-profile" "/tmp/rust_mozprofileOeCWpk"
1579908126702	addons.webextension.doh-rollout@mozilla.org	WARN	Loading extension 'doh-rollout@mozilla.org': Reading manifest: Invalid extension permission: networkStatus
1579908126823	addons.webextension.screenshots@mozilla.org	WARN	Loading extension 'screenshots@mozilla.org': Reading manifest: Invalid extension permission: mozillaAddons
1579908126823	addons.webextension.screenshots@mozilla.org	WARN	Loading extension 'screenshots@mozilla.org': Reading manifest: Invalid extension permission: telemetry
1579908126823	addons.webextension.screenshots@mozilla.org	WARN	Loading extension 'screenshots@mozilla.org': Reading manifest: Invalid extension permission: resource://pdf.js/
1579908126823	addons.webextension.screenshots@mozilla.org	WARN	Loading extension 'screenshots@mozilla.org': Reading manifest: Invalid extension permission: about:reader*
1579908128415	Marionette	INFO	Listening on port 43775
1579908128472	Marionette	WARN	TLS certificate errors will be ignored for this session
JavaScript warning: http://awardsdatabase.oscars.org/Scripts/jquery-1.10.2.min.js?~v=CIgR5JV-o3H5Xo1omTIPxo08-hXmDjKiBRvWT0NZD7w1, line 19: Using //@ to indicate sourceMappingURL pragmas is deprecated. Use //# instead
1579908174017	Marionette	INFO	Stopped listening on port 43775
1579908394477	mozrunner::runner	INFO	Running command: "/usr/bin/firefox" "-marionette" "-foreground" "-no-remote" "-profile" "/tmp/rust_mozprofileRdWh6H"
1579908394841	addons.webextension.doh-rollout@mozilla.org	WARN	Loading extension 'doh-rollout@mozilla.org': Reading manifest: Invalid extension permission: networkStatus
1579908394962	addons.webextension.screenshots@mozilla.org	WARN	Loading extension 'screenshots@mozilla.org': Reading manifest: Invalid extension permission: mozillaAddons
1579908394962	addons.webextension.screenshots@mozilla.org	WARN	Loading extension 'screenshots@mozilla.org': Reading manifest: Invalid extension permission: telemetry
1579908394962	addons.webextension.screenshots@mozilla.org	WARN	Loading extension 'screenshots@mozilla.org': Reading manifest: Invalid extension permission: resource://pdf.js/
1579908394962	addons.webextension.screenshots@mozilla.org	WARN	Loading extension 'screenshots@mozilla.org': Reading manifest: Invalid extension permission: about:reader*
1579908396494	Marionette	INFO	Listening on port 38809
1579908396589	Marionette	WARN	TLS certificate errors will be ignored for this session
JavaScript warning: http://awardsdatabase.oscars.org/Scripts/jquery-1.10.2.min.js?~v=CIgR5JV-o3H5Xo1omTIPxo08-hXmDjKiBRvWT0NZD7w1, line 19: Using //@ to indicate sourceMappingURL pragmas is deprecated. Use //# instead
console.warn: LoginRecipes: "getRecipes: falling back to a synchronous message for:" "http://awardsdatabase.oscars.org"
1579909316044	Marionette	INFO	Stopped listening on port 38809
1579909391760	mozrunner::runner	INFO	Running command: "/usr/bin/firefox" "-marionette" "-foreground" "-no-remote" "-profile" "/tmp/rust_mozprofile8u8mV6"
1579909392109	addons.webextension.doh-rollout@mozilla.org	WARN	Loading extension 'doh-rollout@mozilla.org': Reading manifest: Invalid extension permission: networkStatus
1579909392232	addons.webextension.screenshots@mozilla.org	WARN	Loading extension 'screenshots@mozilla.org': Reading manifest: Invalid extension permission: mozillaAddons
1579909392232	addons.webextension.screenshots@mozilla.org	WARN	Loading extension 'screenshots@mozilla.org': Reading manifest: Invalid extension permission: telemetry
1579909392232	addons.webextension.screenshots@mozilla.org	WARN	Loading extension 'screenshots@mozilla.org': Reading manifest: Invalid extension permission: resource://pdf.js/
1579909392232	addons.webextension.screenshots@mozilla.org	WARN	Loading extension 'screenshots@mozilla.org': Reading manifest: Invalid extension permission: about:reader*
1579909393786	Marionette	INFO	Listening on port 36447
1579909393883	Marionette	WARN	TLS certificate errors will be ignored for this session
JavaScript warning: http://awardsdatabase.oscars.org/Scripts/jquery-1.10.2.min.js?~v=CIgR5JV-o3H5Xo1omTIPxo08-hXmDjKiBRvWT0NZD7w1, line 19: Using //@ to indicate sourceMappingURL pragmas is deprecated. Use //# instead
1579909418505	Marionette	INFO	Stopped listening on port 36447
1579909855719	mozrunner::runner	INFO	Running command: "/usr/bin/firefox" "-marionette" "-foreground" "-no-remote" "-profile" "/tmp/rust_mozprofilectm6xy"
1579909856048	addons.webextension.doh-rollout@mozilla.org	WARN	Loading extension 'doh-rollout@mozilla.org': Reading manifest: Invalid extension permission: networkStatus
1579909856167	addons.webextension.screenshots@mozilla.org	WARN	Loading extension 'screenshots@mozilla.org': Reading manifest: Invalid extension permission: mozillaAddons
1579909856167	addons.webextension.screenshots@mozilla.org	WARN	Loading extension 'screenshots@mozilla.org': Reading manifest: Invalid extension permission: telemetry
1579909856167	addons.webextension.screenshots@mozilla.org	WARN	Loading extension 'screenshots@mozilla.org': Reading manifest: Invalid extension permission: resource://pdf.js/
1579909856167	addons.webextension.screenshots@mozilla.org	WARN	Loading extension 'screenshots@mozilla.org': Reading manifest: Invalid extension permission: about:reader*
1579909857770	Marionette	INFO	Listening on port 33841
1579909857826	Marionette	WARN	TLS certificate errors will be ignored for this session
JavaScript warning: http://awardsdatabase.oscars.org/Scripts/jquery-1.10.2.min.js?~v=CIgR5JV-o3H5Xo1omTIPxo08-hXmDjKiBRvWT0NZD7w1, line 19: Using //@ to indicate sourceMappingURL pragmas is deprecated. Use //# instead
1579909860894	Marionette	INFO	Stopped listening on port 33841
1579909884295	mozrunner::runner	INFO	Running command: "/usr/bin/firefox" "-marionette" "-foreground" "-no-remote" "-profile" "/tmp/rust_mozprofileIMBQOv"
1579909884634	addons.webextension.doh-rollout@mozilla.org	WARN	Loading extension 'doh-rollout@mozilla.org': Reading manifest: Invalid extension permission: networkStatus
1579909884755	addons.webextension.screenshots@mozilla.org	WARN	Loading extension 'screenshots@mozilla.org': Reading manifest: Invalid extension permission: mozillaAddons
1579909884755	addons.webextension.screenshots@mozilla.org	WARN	Loading extension 'screenshots@mozilla.org': Reading manifest: Invalid extension permission: telemetry
1579909884755	addons.webextension.screenshots@mozilla.org	WARN	Loading extension 'screenshots@mozilla.org': Reading manifest: Invalid extension permission: resource://pdf.js/
1579909884755	addons.webextension.screenshots@mozilla.org	WARN	Loading extension 'screenshots@mozilla.org': Reading manifest: Invalid extension permission: about:reader*
1579909886426	Marionette	INFO	Listening on port 39497
1579909886505	Marionette	WARN	TLS certificate errors will be ignored for this session
JavaScript warning: http://awardsdatabase.oscars.org/Scripts/jquery-1.10.2.min.js?~v=CIgR5JV-o3H5Xo1omTIPxo08-hXmDjKiBRvWT0NZD7w1, line 19: Using //@ to indicate sourceMappingURL pragmas is deprecated. Use //# instead
1579909888853	Marionette	INFO	Stopped listening on port 39497
1579909956388	mozrunner::runner	INFO	Running command: "/usr/bin/firefox" "-marionette" "-foreground" "-no-remote" "-profile" "/tmp/rust_mozprofileK5jE5W"
1579909956718	addons.webextension.doh-rollout@mozilla.org	WARN	Loading extension 'doh-rollout@mozilla.org': Reading manifest: Invalid extension permission: networkStatus
1579909956842	addons.webextension.screenshots@mozilla.org	WARN	Loading extension 'screenshots@mozilla.org': Reading manifest: Invalid extension permission: mozillaAddons
1579909956842	addons.webextension.screenshots@mozilla.org	WARN	Loading extension 'screenshots@mozilla.org': Reading manifest: Invalid extension permission: telemetry
1579909956842	addons.webextension.screenshots@mozilla.org	WARN	Loading extension 'screenshots@mozilla.org': Reading manifest: Invalid extension permission: resource://pdf.js/
1579909956842	addons.webextension.screenshots@mozilla.org	WARN	Loading extension 'screenshots@mozilla.org': Reading manifest: Invalid extension permission: about:reader*
1579909958378	Marionette	INFO	Listening on port 36315
1579909958424	Marionette	WARN	TLS certificate errors will be ignored for this session
JavaScript warning: http://awardsdatabase.oscars.org/Scripts/jquery-1.10.2.min.js?~v=CIgR5JV-o3H5Xo1omTIPxo08-hXmDjKiBRvWT0NZD7w1, line 19: Using //@ to indicate sourceMappingURL pragmas is deprecated. Use //# instead
1579909961036	Marionette	INFO	Stopped listening on port 36315
1579909990246	mozrunner::runner	INFO	Running command: "/usr/bin/firefox" "-marionette" "-foreground" "-no-remote" "-profile" "/tmp/rust_mozprofileFRBfGT"
1579909990570	addons.webextension.doh-rollout@mozilla.org	WARN	Loading extension 'doh-rollout@mozilla.org': Reading manifest: Invalid extension permission: networkStatus
1579909990701	addons.webextension.screenshots@mozilla.org	WARN	Loading extension 'screenshots@mozilla.org': Reading manifest: Invalid extension permission: mozillaAddons
1579909990701	addons.webextension.screenshots@mozilla.org	WARN	Loading extension 'screenshots@mozilla.org': Reading manifest: Invalid extension permission: telemetry
1579909990701	addons.webextension.screenshots@mozilla.org	WARN	Loading extension 'screenshots@mozilla.org': Reading manifest: Invalid extension permission: resource://pdf.js/
1579909990701	addons.webextension.screenshots@mozilla.org	WARN	Loading extension 'screenshots@mozilla.org': Reading manifest: Invalid extension permission: about:reader*
1579909992282	Marionette	INFO	Listening on port 38177
1579909992355	Marionette	WARN	TLS certificate errors will be ignored for this session
JavaScript warning: http://awardsdatabase.oscars.org/Scripts/jquery-1.10.2.min.js?~v=CIgR5JV-o3H5Xo1omTIPxo08-hXmDjKiBRvWT0NZD7w1, line 19: Using //@ to indicate sourceMappingURL pragmas is deprecated. Use //# instead
1579909994860	Marionette	INFO	Stopped listening on port 38177
1579910014378	mozrunner::runner	INFO	Running command: "/usr/bin/firefox" "-marionette" "-foreground" "-no-remote" "-profile" "/tmp/rust_mozprofilecxTyrV"
1579910014706	addons.webextension.doh-rollout@mozilla.org	WARN	Loading extension 'doh-rollout@mozilla.org': Reading manifest: Invalid extension permission: networkStatus
1579910014826	addons.webextension.screenshots@mozilla.org	WARN	Loading extension 'screenshots@mozilla.org': Reading manifest: Invalid extension permission: mozillaAddons
1579910014827	addons.webextension.screenshots@mozilla.org	WARN	Loading extension 'screenshots@mozilla.org': Reading manifest: Invalid extension permission: telemetry
1579910014827	addons.webextension.screenshots@mozilla.org	WARN	Loading extension 'screenshots@mozilla.org': Reading manifest: Invalid extension permission: resource://pdf.js/
1579910014827	addons.webextension.screenshots@mozilla.org	WARN	Loading extension 'screenshots@mozilla.org': Reading manifest: Invalid extension permission: about:reader*
1579910016385	Marionette	INFO	Listening on port 35185
1579910016486	Marionette	WARN	TLS certificate errors will be ignored for this session
JavaScript warning: http://awardsdatabase.oscars.org/Scripts/jquery-1.10.2.min.js?~v=CIgR5JV-o3H5Xo1omTIPxo08-hXmDjKiBRvWT0NZD7w1, line 19: Using //@ to indicate sourceMappingURL pragmas is deprecated. Use //# instead
console.error: (new TypeError("currentNode is null", "resource://devtools/client/inspector/shared/style-change-tracker.js", 82))
TypeError: currentNode is null: canMutationImpactCurrentStyles@resource://devtools/client/inspector/shared/style-change-tracker.js:82:20
onMutations@resource://devtools/client/inspector/shared/style-change-tracker.js:100:41
emit@resource://devtools/shared/event-emitter.js:190:24
emit@resource://devtools/shared/event-emitter.js:271:18
getMutations@resource://devtools/shared/fronts/walker.js:411:10

JavaScript warning: http://awardsdatabase.oscars.org/Scripts/jquery-1.10.2.min.js?~v=CIgR5JV-o3H5Xo1omTIPxo08-hXmDjKiBRvWT0NZD7w1, line 19: Using //@ to indicate sourceMappingURL pragmas is deprecated. Use //# instead
JavaScript warning: http://awardsdatabase.oscars.org/Scripts/jquery-1.10.2.min.js?~v=CIgR5JV-o3H5Xo1omTIPxo08-hXmDjKiBRvWT0NZD7w1, line 19: Using //@ to indicate sourceMappingURL pragmas is deprecated. Use //# instead
JavaScript warning: http://awardsdatabase.oscars.org/Scripts/jquery-1.10.2.min.js?~v=CIgR5JV-o3H5Xo1omTIPxo08-hXmDjKiBRvWT0NZD7w1, line 19: Using //@ to indicate sourceMappingURL pragmas is deprecated. Use //# instead
1579910837166	mozrunner::runner	INFO	Running command: "/usr/bin/firefox" "-marionette" "-foreground" "-no-remote" "-profile" "/tmp/rust_mozprofilezB6hmr"
1579910837482	addons.webextension.doh-rollout@mozilla.org	WARN	Loading extension 'doh-rollout@mozilla.org': Reading manifest: Invalid extension permission: networkStatus
1579910837602	addons.webextension.screenshots@mozilla.org	WARN	Loading extension 'screenshots@mozilla.org': Reading manifest: Invalid extension permission: mozillaAddons
1579910837602	addons.webextension.screenshots@mozilla.org	WARN	Loading extension 'screenshots@mozilla.org': Reading manifest: Invalid extension permission: telemetry
1579910837602	addons.webextension.screenshots@mozilla.org	WARN	Loading extension 'screenshots@mozilla.org': Reading manifest: Invalid extension permission: resource://pdf.js/
1579910837602	addons.webextension.screenshots@mozilla.org	WARN	Loading extension 'screenshots@mozilla.org': Reading manifest: Invalid extension permission: about:reader*
1579910839108	Marionette	INFO	Listening on port 37989
1579910839173	Marionette	WARN	TLS certificate errors will be ignored for this session
JavaScript warning: http://awardsdatabase.oscars.org/Scripts/jquery-1.10.2.min.js?~v=CIgR5JV-o3H5Xo1omTIPxo08-hXmDjKiBRvWT0NZD7w1, line 19: Using //@ to indicate sourceMappingURL pragmas is deprecated. Use //# instead
JavaScript warning: http://awardsdatabase.oscars.org/Scripts/jquery-1.10.2.min.js?~v=CIgR5JV-o3H5Xo1omTIPxo08-hXmDjKiBRvWT0NZD7w1, line 19: Using //@ to indicate sourceMappingURL pragmas is deprecated. Use //# instead
1579910847754	Marionette	INFO	Stopped listening on port 37989
1579910880729	mozrunner::runner	INFO	Running command: "/usr/bin/firefox" "-marionette" "-foreground" "-no-remote" "-profile" "/tmp/rust_mozprofileeURDNV"
1579910881039	addons.webextension.doh-rollout@mozilla.org	WARN	Loading extension 'doh-rollout@mozilla.org': Reading manifest: Invalid extension permission: networkStatus
1579910881160	addons.webextension.screenshots@mozilla.org	WARN	Loading extension 'screenshots@mozilla.org': Reading manifest: Invalid extension permission: mozillaAddons
1579910881160	addons.webextension.screenshots@mozilla.org	WARN	Loading extension 'screenshots@mozilla.org': Reading manifest: Invalid extension permission: telemetry
1579910881160	addons.webextension.screenshots@mozilla.org	WARN	Loading extension 'screenshots@mozilla.org': Reading manifest: Invalid extension permission: resource://pdf.js/
1579910881161	addons.webextension.screenshots@mozilla.org	WARN	Loading extension 'screenshots@mozilla.org': Reading manifest: Invalid extension permission: about:reader*
1579910882690	Marionette	INFO	Listening on port 43635
1579910882744	Marionette	WARN	TLS certificate errors will be ignored for this session
JavaScript warning: http://awardsdatabase.oscars.org/Scripts/jquery-1.10.2.min.js?~v=CIgR5JV-o3H5Xo1omTIPxo08-hXmDjKiBRvWT0NZD7w1, line 19: Using //@ to indicate sourceMappingURL pragmas is deprecated. Use //# instead
JavaScript warning: http://awardsdatabase.oscars.org/Scripts/jquery-1.10.2.min.js?~v=CIgR5JV-o3H5Xo1omTIPxo08-hXmDjKiBRvWT0NZD7w1, line 19: Using //@ to indicate sourceMappingURL pragmas is deprecated. Use //# instead
1579911171336	Marionette	INFO	Stopped listening on port 43635
1579911226493	Marionette	INFO	Stopped listening on port 35185
1579911230637	Marionette	INFO	Stopped listening on port 42565
1579912676411	mozrunner::runner	INFO	Running command: "/usr/bin/firefox" "-marionette" "-foreground" "-no-remote" "-profile" "/tmp/rust_mozprofilevlrC5a"
1579912676774	addons.webextension.doh-rollout@mozilla.org	WARN	Loading extension 'doh-rollout@mozilla.org': Reading manifest: Invalid extension permission: networkStatus
1579912676905	addons.webextension.screenshots@mozilla.org	WARN	Loading extension 'screenshots@mozilla.org': Reading manifest: Invalid extension permission: mozillaAddons
1579912676905	addons.webextension.screenshots@mozilla.org	WARN	Loading extension 'screenshots@mozilla.org': Reading manifest: Invalid extension permission: telemetry
1579912676905	addons.webextension.screenshots@mozilla.org	WARN	Loading extension 'screenshots@mozilla.org': Reading manifest: Invalid extension permission: resource://pdf.js/
1579912676905	addons.webextension.screenshots@mozilla.org	WARN	Loading extension 'screenshots@mozilla.org': Reading manifest: Invalid extension permission: about:reader*
1579912678673	Marionette	INFO	Listening on port 46071
1579912678720	Marionette	WARN	TLS certificate errors will be ignored for this session
JavaScript warning: http://awardsdatabase.oscars.org/Scripts/jquery-1.10.2.min.js?~v=CIgR5JV-o3H5Xo1omTIPxo08-hXmDjKiBRvWT0NZD7w1, line 19: Using //@ to indicate sourceMappingURL pragmas is deprecated. Use //# instead
1579912680581	Marionette	INFO	Stopped listening on port 46071
1579912716026	mozrunner::runner	INFO	Running command: "/usr/bin/firefox" "-marionette" "-foreground" "-no-remote" "-profile" "/tmp/rust_mozprofileXYwcMz"
1579912716407	addons.webextension.doh-rollout@mozilla.org	WARN	Loading extension 'doh-rollout@mozilla.org': Reading manifest: Invalid extension permission: networkStatus
1579912716548	addons.webextension.screenshots@mozilla.org	WARN	Loading extension 'screenshots@mozilla.org': Reading manifest: Invalid extension permission: mozillaAddons
1579912716548	addons.webextension.screenshots@mozilla.org	WARN	Loading extension 'screenshots@mozilla.org': Reading manifest: Invalid extension permission: telemetry
1579912716548	addons.webextension.screenshots@mozilla.org	WARN	Loading extension 'screenshots@mozilla.org': Reading manifest: Invalid extension permission: resource://pdf.js/
1579912716548	addons.webextension.screenshots@mozilla.org	WARN	Loading extension 'screenshots@mozilla.org': Reading manifest: Invalid extension permission: about:reader*
1579912718346	Marionette	INFO	Listening on port 42431
1579912718435	Marionette	WARN	TLS certificate errors will be ignored for this session
JavaScript warning: http://awardsdatabase.oscars.org/Scripts/jquery-1.10.2.min.js?~v=CIgR5JV-o3H5Xo1omTIPxo08-hXmDjKiBRvWT0NZD7w1, line 19: Using //@ to indicate sourceMappingURL pragmas is deprecated. Use //# instead
1579912721249	Marionette	INFO	Stopped listening on port 42431
1579912736840	mozrunner::runner	INFO	Running command: "/usr/bin/firefox" "-marionette" "-foreground" "-no-remote" "-profile" "/tmp/rust_mozprofileb6GrqV"
1579912737196	addons.webextension.doh-rollout@mozilla.org	WARN	Loading extension 'doh-rollout@mozilla.org': Reading manifest: Invalid extension permission: networkStatus
1579912737332	addons.webextension.screenshots@mozilla.org	WARN	Loading extension 'screenshots@mozilla.org': Reading manifest: Invalid extension permission: mozillaAddons
1579912737332	addons.webextension.screenshots@mozilla.org	WARN	Loading extension 'screenshots@mozilla.org': Reading manifest: Invalid extension permission: telemetry
1579912737332	addons.webextension.screenshots@mozilla.org	WARN	Loading extension 'screenshots@mozilla.org': Reading manifest: Invalid extension permission: resource://pdf.js/
1579912737332	addons.webextension.screenshots@mozilla.org	WARN	Loading extension 'screenshots@mozilla.org': Reading manifest: Invalid extension permission: about:reader*
1579912739214	Marionette	INFO	Listening on port 38915
1579912739249	Marionette	WARN	TLS certificate errors will be ignored for this session
JavaScript warning: http://awardsdatabase.oscars.org/Scripts/jquery-1.10.2.min.js?~v=CIgR5JV-o3H5Xo1omTIPxo08-hXmDjKiBRvWT0NZD7w1, line 19: Using //@ to indicate sourceMappingURL pragmas is deprecated. Use //# instead
JavaScript warning: http://awardsdatabase.oscars.org/Scripts/jquery-1.10.2.min.js?~v=CIgR5JV-o3H5Xo1omTIPxo08-hXmDjKiBRvWT0NZD7w1, line 19: Using //@ to indicate sourceMappingURL pragmas is deprecated. Use //# instead
1579912747582	Marionette	INFO	Stopped listening on port 38915
1579998873454	mozrunner::runner	INFO	Running command: "/usr/bin/firefox" "-marionette" "-foreground" "-no-remote" "-profile" "/tmp/rust_mozprofilet3NtSL"
1579998873784	addons.webextension.doh-rollout@mozilla.org	WARN	Loading extension 'doh-rollout@mozilla.org': Reading manifest: Invalid extension permission: networkStatus
1579998873906	addons.webextension.screenshots@mozilla.org	WARN	Loading extension 'screenshots@mozilla.org': Reading manifest: Invalid extension permission: mozillaAddons
1579998873906	addons.webextension.screenshots@mozilla.org	WARN	Loading extension 'screenshots@mozilla.org': Reading manifest: Invalid extension permission: telemetry
1579998873906	addons.webextension.screenshots@mozilla.org	WARN	Loading extension 'screenshots@mozilla.org': Reading manifest: Invalid extension permission: resource://pdf.js/
1579998873906	addons.webextension.screenshots@mozilla.org	WARN	Loading extension 'screenshots@mozilla.org': Reading manifest: Invalid extension permission: about:reader*
1579998875607	Marionette	INFO	Listening on port 36133
1579998875662	Marionette	WARN	TLS certificate errors will be ignored for this session
JavaScript warning: http://awardsdatabase.oscars.org/Scripts/jquery-1.10.2.min.js?~v=CIgR5JV-o3H5Xo1omTIPxo08-hXmDjKiBRvWT0NZD7w1, line 19: Using //@ to indicate sourceMappingURL pragmas is deprecated. Use //# instead
JavaScript warning: http://awardsdatabase.oscars.org/Scripts/jquery-1.10.2.min.js?~v=CIgR5JV-o3H5Xo1omTIPxo08-hXmDjKiBRvWT0NZD7w1, line 19: Using //@ to indicate sourceMappingURL pragmas is deprecated. Use //# instead
1579998882957	Marionette	INFO	Stopped listening on port 36133
1579998969019	mozrunner::runner	INFO	Running command: "/usr/bin/firefox" "-marionette" "-foreground" "-no-remote" "-profile" "/tmp/rust_mozprofilePsIEzc"
1579998969353	addons.webextension.doh-rollout@mozilla.org	WARN	Loading extension 'doh-rollout@mozilla.org': Reading manifest: Invalid extension permission: networkStatus
1579998969479	addons.webextension.screenshots@mozilla.org	WARN	Loading extension 'screenshots@mozilla.org': Reading manifest: Invalid extension permission: mozillaAddons
1579998969479	addons.webextension.screenshots@mozilla.org	WARN	Loading extension 'screenshots@mozilla.org': Reading manifest: Invalid extension permission: telemetry
1579998969479	addons.webextension.screenshots@mozilla.org	WARN	Loading extension 'screenshots@mozilla.org': Reading manifest: Invalid extension permission: resource://pdf.js/
1579998969479	addons.webextension.screenshots@mozilla.org	WARN	Loading extension 'screenshots@mozilla.org': Reading manifest: Invalid extension permission: about:reader*
1579998971170	Marionette	INFO	Listening on port 36915
1579998971227	Marionette	WARN	TLS certificate errors will be ignored for this session
JavaScript warning: http://awardsdatabase.oscars.org/Scripts/jquery-1.10.2.min.js?~v=CIgR5JV-o3H5Xo1omTIPxo08-hXmDjKiBRvWT0NZD7w1, line 19: Using //@ to indicate sourceMappingURL pragmas is deprecated. Use //# instead
JavaScript warning: http://awardsdatabase.oscars.org/Scripts/jquery-1.10.2.min.js?~v=CIgR5JV-o3H5Xo1omTIPxo08-hXmDjKiBRvWT0NZD7w1, line 19: Using //@ to indicate sourceMappingURL pragmas is deprecated. Use //# instead
1579998978202	Marionette	INFO	Stopped listening on port 36915
1579999058627	mozrunner::runner	INFO	Running command: "/usr/bin/firefox" "-marionette" "-foreground" "-no-remote" "-profile" "/tmp/rust_mozprofileFAuSRN"
1579999058971	addons.webextension.doh-rollout@mozilla.org	WARN	Loading extension 'doh-rollout@mozilla.org': Reading manifest: Invalid extension permission: networkStatus
1579999059102	addons.webextension.screenshots@mozilla.org	WARN	Loading extension 'screenshots@mozilla.org': Reading manifest: Invalid extension permission: mozillaAddons
1579999059102	addons.webextension.screenshots@mozilla.org	WARN	Loading extension 'screenshots@mozilla.org': Reading manifest: Invalid extension permission: telemetry
1579999059102	addons.webextension.screenshots@mozilla.org	WARN	Loading extension 'screenshots@mozilla.org': Reading manifest: Invalid extension permission: resource://pdf.js/
1579999059102	addons.webextension.screenshots@mozilla.org	WARN	Loading extension 'screenshots@mozilla.org': Reading manifest: Invalid extension permission: about:reader*
1579999060663	Marionette	INFO	Listening on port 45981
1579999060735	Marionette	WARN	TLS certificate errors will be ignored for this session
JavaScript warning: http://awardsdatabase.oscars.org/Scripts/jquery-1.10.2.min.js?~v=CIgR5JV-o3H5Xo1omTIPxo08-hXmDjKiBRvWT0NZD7w1, line 19: Using //@ to indicate sourceMappingURL pragmas is deprecated. Use //# instead
JavaScript warning: http://awardsdatabase.oscars.org/Scripts/jquery-1.10.2.min.js?~v=CIgR5JV-o3H5Xo1omTIPxo08-hXmDjKiBRvWT0NZD7w1, line 19: Using //@ to indicate sourceMappingURL pragmas is deprecated. Use //# instead
1579999067818	Marionette	INFO	Stopped listening on port 45981
1579999106229	mozrunner::runner	INFO	Running command: "/usr/bin/firefox" "-marionette" "-foreground" "-no-remote" "-profile" "/tmp/rust_mozprofilePfoNU9"
1579999106551	addons.webextension.doh-rollout@mozilla.org	WARN	Loading extension 'doh-rollout@mozilla.org': Reading manifest: Invalid extension permission: networkStatus
1579999106671	addons.webextension.screenshots@mozilla.org	WARN	Loading extension 'screenshots@mozilla.org': Reading manifest: Invalid extension permission: mozillaAddons
1579999106671	addons.webextension.screenshots@mozilla.org	WARN	Loading extension 'screenshots@mozilla.org': Reading manifest: Invalid extension permission: telemetry
1579999106671	addons.webextension.screenshots@mozilla.org	WARN	Loading extension 'screenshots@mozilla.org': Reading manifest: Invalid extension permission: resource://pdf.js/
1579999106671	addons.webextension.screenshots@mozilla.org	WARN	Loading extension 'screenshots@mozilla.org': Reading manifest: Invalid extension permission: about:reader*
1579999108388	Marionette	INFO	Listening on port 39401
1579999108441	Marionette	WARN	TLS certificate errors will be ignored for this session
JavaScript warning: http://awardsdatabase.oscars.org/Scripts/jquery-1.10.2.min.js?~v=CIgR5JV-o3H5Xo1omTIPxo08-hXmDjKiBRvWT0NZD7w1, line 19: Using //@ to indicate sourceMappingURL pragmas is deprecated. Use //# instead
JavaScript warning: http://awardsdatabase.oscars.org/Scripts/jquery-1.10.2.min.js?~v=CIgR5JV-o3H5Xo1omTIPxo08-hXmDjKiBRvWT0NZD7w1, line 19: Using //@ to indicate sourceMappingURL pragmas is deprecated. Use //# instead
1579999116735	Marionette	INFO	Stopped listening on port 39401
1579999142779	mozrunner::runner	INFO	Running command: "/usr/bin/firefox" "-marionette" "-foreground" "-no-remote" "-profile" "/tmp/rust_mozprofilemTVRie"
1579999143137	addons.webextension.doh-rollout@mozilla.org	WARN	Loading extension 'doh-rollout@mozilla.org': Reading manifest: Invalid extension permission: networkStatus
1579999143264	addons.webextension.screenshots@mozilla.org	WARN	Loading extension 'screenshots@mozilla.org': Reading manifest: Invalid extension permission: mozillaAddons
1579999143264	addons.webextension.screenshots@mozilla.org	WARN	Loading extension 'screenshots@mozilla.org': Reading manifest: Invalid extension permission: telemetry
1579999143264	addons.webextension.screenshots@mozilla.org	WARN	Loading extension 'screenshots@mozilla.org': Reading manifest: Invalid extension permission: resource://pdf.js/
1579999143264	addons.webextension.screenshots@mozilla.org	WARN	Loading extension 'screenshots@mozilla.org': Reading manifest: Invalid extension permission: about:reader*
1579999144840	Marionette	INFO	Listening on port 44195
1579999144909	Marionette	WARN	TLS certificate errors will be ignored for this session
JavaScript warning: http://awardsdatabase.oscars.org/Scripts/jquery-1.10.2.min.js?~v=CIgR5JV-o3H5Xo1omTIPxo08-hXmDjKiBRvWT0NZD7w1, line 19: Using //@ to indicate sourceMappingURL pragmas is deprecated. Use //# instead
JavaScript warning: http://awardsdatabase.oscars.org/Scripts/jquery-1.10.2.min.js?~v=CIgR5JV-o3H5Xo1omTIPxo08-hXmDjKiBRvWT0NZD7w1, line 19: Using //@ to indicate sourceMappingURL pragmas is deprecated. Use //# instead
1579999587607	Marionette	INFO	Stopped listening on port 44195
1579999606773	mozrunner::runner	INFO	Running command: "/usr/bin/firefox" "-marionette" "-foreground" "-no-remote" "-profile" "/tmp/rust_mozprofileFj5WW4"
1579999607099	addons.webextension.doh-rollout@mozilla.org	WARN	Loading extension 'doh-rollout@mozilla.org': Reading manifest: Invalid extension permission: networkStatus
1579999607221	addons.webextension.screenshots@mozilla.org	WARN	Loading extension 'screenshots@mozilla.org': Reading manifest: Invalid extension permission: mozillaAddons
1579999607221	addons.webextension.screenshots@mozilla.org	WARN	Loading extension 'screenshots@mozilla.org': Reading manifest: Invalid extension permission: telemetry
1579999607221	addons.webextension.screenshots@mozilla.org	WARN	Loading extension 'screenshots@mozilla.org': Reading manifest: Invalid extension permission: resource://pdf.js/
1579999607221	addons.webextension.screenshots@mozilla.org	WARN	Loading extension 'screenshots@mozilla.org': Reading manifest: Invalid extension permission: about:reader*
1579999608709	Marionette	INFO	Listening on port 34713
1579999608810	Marionette	WARN	TLS certificate errors will be ignored for this session
JavaScript warning: http://awardsdatabase.oscars.org/Scripts/jquery-1.10.2.min.js?~v=CIgR5JV-o3H5Xo1omTIPxo08-hXmDjKiBRvWT0NZD7w1, line 19: Using //@ to indicate sourceMappingURL pragmas is deprecated. Use //# instead
JavaScript warning: http://awardsdatabase.oscars.org/Scripts/jquery-1.10.2.min.js?~v=CIgR5JV-o3H5Xo1omTIPxo08-hXmDjKiBRvWT0NZD7w1, line 19: Using //@ to indicate sourceMappingURL pragmas is deprecated. Use //# instead
1579999616141	Marionette	INFO	Stopped listening on port 34713
1579999778790	mozrunner::runner	INFO	Running command: "/usr/bin/firefox" "-marionette" "-foreground" "-no-remote" "-profile" "/tmp/rust_mozprofilev2Iqjw"
1579999779115	addons.webextension.doh-rollout@mozilla.org	WARN	Loading extension 'doh-rollout@mozilla.org': Reading manifest: Invalid extension permission: networkStatus
1579999779241	addons.webextension.screenshots@mozilla.org	WARN	Loading extension 'screenshots@mozilla.org': Reading manifest: Invalid extension permission: mozillaAddons
1579999779241	addons.webextension.screenshots@mozilla.org	WARN	Loading extension 'screenshots@mozilla.org': Reading manifest: Invalid extension permission: telemetry
1579999779241	addons.webextension.screenshots@mozilla.org	WARN	Loading extension 'screenshots@mozilla.org': Reading manifest: Invalid extension permission: resource://pdf.js/
1579999779241	addons.webextension.screenshots@mozilla.org	WARN	Loading extension 'screenshots@mozilla.org': Reading manifest: Invalid extension permission: about:reader*
1579999780897	Marionette	INFO	Listening on port 36999
1579999780998	Marionette	WARN	TLS certificate errors will be ignored for this session
JavaScript warning: http://awardsdatabase.oscars.org/Scripts/jquery-1.10.2.min.js?~v=CIgR5JV-o3H5Xo1omTIPxo08-hXmDjKiBRvWT0NZD7w1, line 19: Using //@ to indicate sourceMappingURL pragmas is deprecated. Use //# instead
JavaScript warning: http://awardsdatabase.oscars.org/Scripts/jquery-1.10.2.min.js?~v=CIgR5JV-o3H5Xo1omTIPxo08-hXmDjKiBRvWT0NZD7w1, line 19: Using //@ to indicate sourceMappingURL pragmas is deprecated. Use //# instead
1579999789192	Marionette	INFO	Stopped listening on port 36999
1580000290816	mozrunner::runner	INFO	Running command: "/usr/bin/firefox" "-marionette" "-foreground" "-no-remote" "-profile" "/tmp/rust_mozprofilerGFPek"
1580000291161	addons.webextension.doh-rollout@mozilla.org	WARN	Loading extension 'doh-rollout@mozilla.org': Reading manifest: Invalid extension permission: networkStatus
1580000291280	addons.webextension.screenshots@mozilla.org	WARN	Loading extension 'screenshots@mozilla.org': Reading manifest: Invalid extension permission: mozillaAddons
1580000291280	addons.webextension.screenshots@mozilla.org	WARN	Loading extension 'screenshots@mozilla.org': Reading manifest: Invalid extension permission: telemetry
1580000291281	addons.webextension.screenshots@mozilla.org	WARN	Loading extension 'screenshots@mozilla.org': Reading manifest: Invalid extension permission: resource://pdf.js/
1580000291281	addons.webextension.screenshots@mozilla.org	WARN	Loading extension 'screenshots@mozilla.org': Reading manifest: Invalid extension permission: about:reader*
1580000293056	Marionette	INFO	Listening on port 33859
1580000293125	Marionette	WARN	TLS certificate errors will be ignored for this session
JavaScript warning: http://awardsdatabase.oscars.org/Scripts/jquery-1.10.2.min.js?~v=CIgR5JV-o3H5Xo1omTIPxo08-hXmDjKiBRvWT0NZD7w1, line 19: Using //@ to indicate sourceMappingURL pragmas is deprecated. Use //# instead
JavaScript warning: http://awardsdatabase.oscars.org/Scripts/jquery-1.10.2.min.js?~v=CIgR5JV-o3H5Xo1omTIPxo08-hXmDjKiBRvWT0NZD7w1, line 19: Using //@ to indicate sourceMappingURL pragmas is deprecated. Use //# instead
1580000299893	Marionette	INFO	Stopped listening on port 33859
1580000376262	mozrunner::runner	INFO	Running command: "/usr/bin/firefox" "-marionette" "-foreground" "-no-remote" "-profile" "/tmp/rust_mozprofile281sWS"
1580000376580	addons.webextension.doh-rollout@mozilla.org	WARN	Loading extension 'doh-rollout@mozilla.org': Reading manifest: Invalid extension permission: networkStatus
1580000376695	addons.webextension.screenshots@mozilla.org	WARN	Loading extension 'screenshots@mozilla.org': Reading manifest: Invalid extension permission: mozillaAddons
1580000376695	addons.webextension.screenshots@mozilla.org	WARN	Loading extension 'screenshots@mozilla.org': Reading manifest: Invalid extension permission: telemetry
1580000376696	addons.webextension.screenshots@mozilla.org	WARN	Loading extension 'screenshots@mozilla.org': Reading manifest: Invalid extension permission: resource://pdf.js/
1580000376696	addons.webextension.screenshots@mozilla.org	WARN	Loading extension 'screenshots@mozilla.org': Reading manifest: Invalid extension permission: about:reader*
1580000378411	Marionette	INFO	Listening on port 41847
1580000378470	Marionette	WARN	TLS certificate errors will be ignored for this session
JavaScript warning: http://awardsdatabase.oscars.org/Scripts/jquery-1.10.2.min.js?~v=CIgR5JV-o3H5Xo1omTIPxo08-hXmDjKiBRvWT0NZD7w1, line 19: Using //@ to indicate sourceMappingURL pragmas is deprecated. Use //# instead
JavaScript warning: http://awardsdatabase.oscars.org/Scripts/jquery-1.10.2.min.js?~v=CIgR5JV-o3H5Xo1omTIPxo08-hXmDjKiBRvWT0NZD7w1, line 19: Using //@ to indicate sourceMappingURL pragmas is deprecated. Use //# instead
1580000384996	Marionette	INFO	Stopped listening on port 41847
1580001081558	mozrunner::runner	INFO	Running command: "/usr/bin/firefox" "-marionette" "-foreground" "-no-remote" "-profile" "/tmp/rust_mozprofileiPhMkf"
1580001081883	addons.webextension.doh-rollout@mozilla.org	WARN	Loading extension 'doh-rollout@mozilla.org': Reading manifest: Invalid extension permission: networkStatus
1580001082006	addons.webextension.screenshots@mozilla.org	WARN	Loading extension 'screenshots@mozilla.org': Reading manifest: Invalid extension permission: mozillaAddons
1580001082006	addons.webextension.screenshots@mozilla.org	WARN	Loading extension 'screenshots@mozilla.org': Reading manifest: Invalid extension permission: telemetry
1580001082006	addons.webextension.screenshots@mozilla.org	WARN	Loading extension 'screenshots@mozilla.org': Reading manifest: Invalid extension permission: resource://pdf.js/
1580001082006	addons.webextension.screenshots@mozilla.org	WARN	Loading extension 'screenshots@mozilla.org': Reading manifest: Invalid extension permission: about:reader*
1580001083637	Marionette	INFO	Listening on port 34943
1580001083691	Marionette	WARN	TLS certificate errors will be ignored for this session
JavaScript warning: http://awardsdatabase.oscars.org/Scripts/jquery-1.10.2.min.js?~v=CIgR5JV-o3H5Xo1omTIPxo08-hXmDjKiBRvWT0NZD7w1, line 19: Using //@ to indicate sourceMappingURL pragmas is deprecated. Use //# instead
JavaScript warning: http://awardsdatabase.oscars.org/Scripts/jquery-1.10.2.min.js?~v=CIgR5JV-o3H5Xo1omTIPxo08-hXmDjKiBRvWT0NZD7w1, line 19: Using //@ to indicate sourceMappingURL pragmas is deprecated. Use //# instead
1580001091757	Marionette	INFO	Stopped listening on port 34943
1580001469457	mozrunner::runner	INFO	Running command: "/usr/bin/firefox" "-marionette" "-foreground" "-no-remote" "-profile" "/tmp/rust_mozprofilejIs7FZ"
1580001469793	addons.webextension.doh-rollout@mozilla.org	WARN	Loading extension 'doh-rollout@mozilla.org': Reading manifest: Invalid extension permission: networkStatus
1580001469911	addons.webextension.screenshots@mozilla.org	WARN	Loading extension 'screenshots@mozilla.org': Reading manifest: Invalid extension permission: mozillaAddons
1580001469911	addons.webextension.screenshots@mozilla.org	WARN	Loading extension 'screenshots@mozilla.org': Reading manifest: Invalid extension permission: telemetry
1580001469911	addons.webextension.screenshots@mozilla.org	WARN	Loading extension 'screenshots@mozilla.org': Reading manifest: Invalid extension permission: resource://pdf.js/
1580001469911	addons.webextension.screenshots@mozilla.org	WARN	Loading extension 'screenshots@mozilla.org': Reading manifest: Invalid extension permission: about:reader*
1580001471506	Marionette	INFO	Listening on port 37343
1580001471566	Marionette	WARN	TLS certificate errors will be ignored for this session
JavaScript warning: http://awardsdatabase.oscars.org/Scripts/jquery-1.10.2.min.js?~v=CIgR5JV-o3H5Xo1omTIPxo08-hXmDjKiBRvWT0NZD7w1, line 19: Using //@ to indicate sourceMappingURL pragmas is deprecated. Use //# instead
JavaScript warning: http://awardsdatabase.oscars.org/Scripts/jquery-1.10.2.min.js?~v=CIgR5JV-o3H5Xo1omTIPxo08-hXmDjKiBRvWT0NZD7w1, line 19: Using //@ to indicate sourceMappingURL pragmas is deprecated. Use //# instead
1580001478217	Marionette	INFO	Stopped listening on port 37343
1580001690291	mozrunner::runner	INFO	Running command: "/usr/bin/firefox" "-marionette" "-headless" "-foreground" "-no-remote" "-profile" "/tmp/rust_mozprofile5TT4oI"
*** You are running in headless mode.
1580001690571	addons.webextension.doh-rollout@mozilla.org	WARN	Loading extension 'doh-rollout@mozilla.org': Reading manifest: Invalid extension permission: networkStatus
1580001690661	addons.webextension.screenshots@mozilla.org	WARN	Loading extension 'screenshots@mozilla.org': Reading manifest: Invalid extension permission: mozillaAddons
1580001690661	addons.webextension.screenshots@mozilla.org	WARN	Loading extension 'screenshots@mozilla.org': Reading manifest: Invalid extension permission: telemetry
1580001690662	addons.webextension.screenshots@mozilla.org	WARN	Loading extension 'screenshots@mozilla.org': Reading manifest: Invalid extension permission: resource://pdf.js/
1580001690662	addons.webextension.screenshots@mozilla.org	WARN	Loading extension 'screenshots@mozilla.org': Reading manifest: Invalid extension permission: about:reader*
1580001692085	Marionette	INFO	Listening on port 35075
1580001692134	Marionette	WARN	TLS certificate errors will be ignored for this session
JavaScript warning: http://awardsdatabase.oscars.org/Scripts/jquery-1.10.2.min.js?~v=CIgR5JV-o3H5Xo1omTIPxo08-hXmDjKiBRvWT0NZD7w1, line 19: Using //@ to indicate sourceMappingURL pragmas is deprecated. Use //# instead
JavaScript warning: http://awardsdatabase.oscars.org/Scripts/jquery-1.10.2.min.js?~v=CIgR5JV-o3H5Xo1omTIPxo08-hXmDjKiBRvWT0NZD7w1, line 19: Using //@ to indicate sourceMappingURL pragmas is deprecated. Use //# instead
1580001699068	Marionette	INFO	Stopped listening on port 35075
1580001959338	mozrunner::runner	INFO	Running command: "/usr/bin/firefox" "-marionette" "-headless" "-foreground" "-no-remote" "-profile" "/tmp/rust_mozprofileL3Fcmn"
*** You are running in headless mode.
1580001959619	addons.webextension.doh-rollout@mozilla.org	WARN	Loading extension 'doh-rollout@mozilla.org': Reading manifest: Invalid extension permission: networkStatus
1580001959723	addons.webextension.screenshots@mozilla.org	WARN	Loading extension 'screenshots@mozilla.org': Reading manifest: Invalid extension permission: mozillaAddons
1580001959723	addons.webextension.screenshots@mozilla.org	WARN	Loading extension 'screenshots@mozilla.org': Reading manifest: Invalid extension permission: telemetry
1580001959723	addons.webextension.screenshots@mozilla.org	WARN	Loading extension 'screenshots@mozilla.org': Reading manifest: Invalid extension permission: resource://pdf.js/
1580001959723	addons.webextension.screenshots@mozilla.org	WARN	Loading extension 'screenshots@mozilla.org': Reading manifest: Invalid extension permission: about:reader*
1580001961229	Marionette	INFO	Listening on port 37679
1580001961246	Marionette	WARN	TLS certificate errors will be ignored for this session
JavaScript warning: http://awardsdatabase.oscars.org/Scripts/jquery-1.10.2.min.js?~v=CIgR5JV-o3H5Xo1omTIPxo08-hXmDjKiBRvWT0NZD7w1, line 19: Using //@ to indicate sourceMappingURL pragmas is deprecated. Use //# instead
JavaScript warning: http://awardsdatabase.oscars.org/Scripts/jquery-1.10.2.min.js?~v=CIgR5JV-o3H5Xo1omTIPxo08-hXmDjKiBRvWT0NZD7w1, line 19: Using //@ to indicate sourceMappingURL pragmas is deprecated. Use //# instead
1580001968061	Marionette	INFO	Stopped listening on port 37679
1580025638922	mozrunner::runner	INFO	Running command: "/usr/bin/firefox" "-marionette" "-headless" "-foreground" "-no-remote" "-profile" "/tmp/rust_mozprofileNHP0rv"
*** You are running in headless mode.
1580025641157	addons.webextension.doh-rollout@mozilla.org	WARN	Loading extension 'doh-rollout@mozilla.org': Reading manifest: Invalid extension permission: networkStatus
1580025641249	addons.webextension.screenshots@mozilla.org	WARN	Loading extension 'screenshots@mozilla.org': Reading manifest: Invalid extension permission: mozillaAddons
1580025641249	addons.webextension.screenshots@mozilla.org	WARN	Loading extension 'screenshots@mozilla.org': Reading manifest: Invalid extension permission: telemetry
1580025641249	addons.webextension.screenshots@mozilla.org	WARN	Loading extension 'screenshots@mozilla.org': Reading manifest: Invalid extension permission: resource://pdf.js/
1580025641249	addons.webextension.screenshots@mozilla.org	WARN	Loading extension 'screenshots@mozilla.org': Reading manifest: Invalid extension permission: about:reader*
1580025642690	Marionette	INFO	Listening on port 43359
1580025642803	Marionette	WARN	TLS certificate errors will be ignored for this session
JavaScript warning: http://awardsdatabase.oscars.org/Scripts/jquery-1.10.2.min.js?~v=CIgR5JV-o3H5Xo1omTIPxo08-hXmDjKiBRvWT0NZD7w1, line 19: Using //@ to indicate sourceMappingURL pragmas is deprecated. Use //# instead
Exiting due to channel error.
Exiting due to channel error.
Exiting due to channel error.
1580025652713	mozrunner::runner	INFO	Running command: "/usr/bin/firefox" "-marionette" "-headless" "-foreground" "-no-remote" "-profile" "/tmp/rust_mozprofilecGUDD3"
*** You are running in headless mode.
1580025653007	addons.webextension.doh-rollout@mozilla.org	WARN	Loading extension 'doh-rollout@mozilla.org': Reading manifest: Invalid extension permission: networkStatus
1580025653098	addons.webextension.screenshots@mozilla.org	WARN	Loading extension 'screenshots@mozilla.org': Reading manifest: Invalid extension permission: mozillaAddons
1580025653098	addons.webextension.screenshots@mozilla.org	WARN	Loading extension 'screenshots@mozilla.org': Reading manifest: Invalid extension permission: telemetry
1580025653098	addons.webextension.screenshots@mozilla.org	WARN	Loading extension 'screenshots@mozilla.org': Reading manifest: Invalid extension permission: resource://pdf.js/
1580025653098	addons.webextension.screenshots@mozilla.org	WARN	Loading extension 'screenshots@mozilla.org': Reading manifest: Invalid extension permission: about:reader*
1580025654731	Marionette	INFO	Listening on port 40627
1580025654821	Marionette	WARN	TLS certificate errors will be ignored for this session
JavaScript warning: http://awardsdatabase.oscars.org/Scripts/jquery-1.10.2.min.js?~v=CIgR5JV-o3H5Xo1omTIPxo08-hXmDjKiBRvWT0NZD7w1, line 19: Using //@ to indicate sourceMappingURL pragmas is deprecated. Use //# instead
JavaScript warning: http://awardsdatabase.oscars.org/Scripts/jquery-1.10.2.min.js?~v=CIgR5JV-o3H5Xo1omTIPxo08-hXmDjKiBRvWT0NZD7w1, line 19: Using //@ to indicate sourceMappingURL pragmas is deprecated. Use //# instead
1580025661583	Marionette	INFO	Stopped listening on port 40627
1580187745256	mozrunner::runner	INFO	Running command: "/usr/bin/firefox" "-marionette" "-headless" "-foreground" "-no-remote" "-profile" "/tmp/rust_mozprofileq30kl9"
*** You are running in headless mode.
1580187745756	addons.webextension.doh-rollout@mozilla.org	WARN	Loading extension 'doh-rollout@mozilla.org': Reading manifest: Invalid extension permission: networkStatus
1580187745928	addons.webextension.screenshots@mozilla.org	WARN	Loading extension 'screenshots@mozilla.org': Reading manifest: Invalid extension permission: mozillaAddons
1580187745934	addons.webextension.screenshots@mozilla.org	WARN	Loading extension 'screenshots@mozilla.org': Reading manifest: Invalid extension permission: telemetry
1580187745934	addons.webextension.screenshots@mozilla.org	WARN	Loading extension 'screenshots@mozilla.org': Reading manifest: Invalid extension permission: resource://pdf.js/
1580187745935	addons.webextension.screenshots@mozilla.org	WARN	Loading extension 'screenshots@mozilla.org': Reading manifest: Invalid extension permission: about:reader*
1580187748725	Marionette	INFO	Listening on port 42073
1580187748771	Marionette	WARN	TLS certificate errors will be ignored for this session
JavaScript warning: http://awardsdatabase.oscars.org/Scripts/jquery-1.10.2.min.js?~v=CIgR5JV-o3H5Xo1omTIPxo08-hXmDjKiBRvWT0NZD7w1, line 19: Using //@ to indicate sourceMappingURL pragmas is deprecated. Use //# instead
1580187758676	Marionette	INFO	Stopped listening on port 42073
1580187786818	mozrunner::runner	INFO	Running command: "/usr/bin/firefox" "-marionette" "-foreground" "-no-remote" "-profile" "/tmp/rust_mozprofilePDXJC2"
1580187787258	addons.webextension.doh-rollout@mozilla.org	WARN	Loading extension 'doh-rollout@mozilla.org': Reading manifest: Invalid extension permission: networkStatus
1580187787433	addons.webextension.screenshots@mozilla.org	WARN	Loading extension 'screenshots@mozilla.org': Reading manifest: Invalid extension permission: mozillaAddons
1580187787433	addons.webextension.screenshots@mozilla.org	WARN	Loading extension 'screenshots@mozilla.org': Reading manifest: Invalid extension permission: telemetry
1580187787433	addons.webextension.screenshots@mozilla.org	WARN	Loading extension 'screenshots@mozilla.org': Reading manifest: Invalid extension permission: resource://pdf.js/
1580187787433	addons.webextension.screenshots@mozilla.org	WARN	Loading extension 'screenshots@mozilla.org': Reading manifest: Invalid extension permission: about:reader*
1580187790405	Marionette	INFO	Listening on port 35735
1580187790439	Marionette	WARN	TLS certificate errors will be ignored for this session
JavaScript warning: http://awardsdatabase.oscars.org/Scripts/jquery-1.10.2.min.js?~v=CIgR5JV-o3H5Xo1omTIPxo08-hXmDjKiBRvWT0NZD7w1, line 19: Using //@ to indicate sourceMappingURL pragmas is deprecated. Use //# instead
1580187800181	Marionette	INFO	Stopped listening on port 35735
1580187831150	mozrunner::runner	INFO	Running command: "/usr/bin/firefox" "-marionette" "-foreground" "-no-remote" "-profile" "/tmp/rust_mozprofileo6evTN"
1580187831694	addons.webextension.doh-rollout@mozilla.org	WARN	Loading extension 'doh-rollout@mozilla.org': Reading manifest: Invalid extension permission: networkStatus
1580187831913	addons.webextension.screenshots@mozilla.org	WARN	Loading extension 'screenshots@mozilla.org': Reading manifest: Invalid extension permission: mozillaAddons
1580187831913	addons.webextension.screenshots@mozilla.org	WARN	Loading extension 'screenshots@mozilla.org': Reading manifest: Invalid extension permission: telemetry
1580187831914	addons.webextension.screenshots@mozilla.org	WARN	Loading extension 'screenshots@mozilla.org': Reading manifest: Invalid extension permission: resource://pdf.js/
1580187831914	addons.webextension.screenshots@mozilla.org	WARN	Loading extension 'screenshots@mozilla.org': Reading manifest: Invalid extension permission: about:reader*
1580187834908	Marionette	INFO	Listening on port 44805
1580187834970	Marionette	WARN	TLS certificate errors will be ignored for this session
JavaScript warning: http://awardsdatabase.oscars.org/Scripts/jquery-1.10.2.min.js?~v=CIgR5JV-o3H5Xo1omTIPxo08-hXmDjKiBRvWT0NZD7w1, line 19: Using //@ to indicate sourceMappingURL pragmas is deprecated. Use //# instead
1580187844667	Marionette	INFO	Stopped listening on port 44805
1580187875226	mozrunner::runner	INFO	Running command: "/usr/bin/firefox" "-marionette" "-foreground" "-no-remote" "-profile" "/tmp/rust_mozprofiles9315H"
1580187875762	addons.webextension.doh-rollout@mozilla.org	WARN	Loading extension 'doh-rollout@mozilla.org': Reading manifest: Invalid extension permission: networkStatus
1580187875981	addons.webextension.screenshots@mozilla.org	WARN	Loading extension 'screenshots@mozilla.org': Reading manifest: Invalid extension permission: mozillaAddons
1580187875982	addons.webextension.screenshots@mozilla.org	WARN	Loading extension 'screenshots@mozilla.org': Reading manifest: Invalid extension permission: telemetry
1580187875982	addons.webextension.screenshots@mozilla.org	WARN	Loading extension 'screenshots@mozilla.org': Reading manifest: Invalid extension permission: resource://pdf.js/
1580187875982	addons.webextension.screenshots@mozilla.org	WARN	Loading extension 'screenshots@mozilla.org': Reading manifest: Invalid extension permission: about:reader*
1580187879025	Marionette	INFO	Listening on port 43995
1580187879048	Marionette	WARN	TLS certificate errors will be ignored for this session
JavaScript warning: http://awardsdatabase.oscars.org/Scripts/jquery-1.10.2.min.js?~v=CIgR5JV-o3H5Xo1omTIPxo08-hXmDjKiBRvWT0NZD7w1, line 19: Using //@ to indicate sourceMappingURL pragmas is deprecated. Use //# instead
1580187889403	Marionette	INFO	Stopped listening on port 43995
1580187910348	mozrunner::runner	INFO	Running command: "/usr/bin/firefox" "-marionette" "-foreground" "-no-remote" "-profile" "/tmp/rust_mozprofilezfOHzd"
1580187910886	addons.webextension.doh-rollout@mozilla.org	WARN	Loading extension 'doh-rollout@mozilla.org': Reading manifest: Invalid extension permission: networkStatus
1580187911100	addons.webextension.screenshots@mozilla.org	WARN	Loading extension 'screenshots@mozilla.org': Reading manifest: Invalid extension permission: mozillaAddons
1580187911101	addons.webextension.screenshots@mozilla.org	WARN	Loading extension 'screenshots@mozilla.org': Reading manifest: Invalid extension permission: telemetry
1580187911101	addons.webextension.screenshots@mozilla.org	WARN	Loading extension 'screenshots@mozilla.org': Reading manifest: Invalid extension permission: resource://pdf.js/
1580187911101	addons.webextension.screenshots@mozilla.org	WARN	Loading extension 'screenshots@mozilla.org': Reading manifest: Invalid extension permission: about:reader*
1580187914121	Marionette	INFO	Listening on port 39587
1580187914164	Marionette	WARN	TLS certificate errors will be ignored for this session
JavaScript warning: http://awardsdatabase.oscars.org/Scripts/jquery-1.10.2.min.js?~v=CIgR5JV-o3H5Xo1omTIPxo08-hXmDjKiBRvWT0NZD7w1, line 19: Using //@ to indicate sourceMappingURL pragmas is deprecated. Use //# instead
JavaScript warning: http://awardsdatabase.oscars.org/Scripts/jquery-1.10.2.min.js?~v=CIgR5JV-o3H5Xo1omTIPxo08-hXmDjKiBRvWT0NZD7w1, line 19: Using //@ to indicate sourceMappingURL pragmas is deprecated. Use //# instead
1580187923690	Marionette	INFO	Stopped listening on port 39587
1580191282017	mozrunner::runner	INFO	Running command: "/usr/bin/firefox" "-marionette" "-headless" "-foreground" "-no-remote" "-profile" "/tmp/rust_mozprofileNGXx0W"
*** You are running in headless mode.
1580191282568	addons.webextension.doh-rollout@mozilla.org	WARN	Loading extension 'doh-rollout@mozilla.org': Reading manifest: Invalid extension permission: networkStatus
1580191282751	addons.webextension.screenshots@mozilla.org	WARN	Loading extension 'screenshots@mozilla.org': Reading manifest: Invalid extension permission: mozillaAddons
1580191282752	addons.webextension.screenshots@mozilla.org	WARN	Loading extension 'screenshots@mozilla.org': Reading manifest: Invalid extension permission: telemetry
1580191282752	addons.webextension.screenshots@mozilla.org	WARN	Loading extension 'screenshots@mozilla.org': Reading manifest: Invalid extension permission: resource://pdf.js/
1580191282752	addons.webextension.screenshots@mozilla.org	WARN	Loading extension 'screenshots@mozilla.org': Reading manifest: Invalid extension permission: about:reader*
1580191285556	Marionette	INFO	Listening on port 33039
1580191285630	Marionette	WARN	TLS certificate errors will be ignored for this session
JavaScript warning: http://awardsdatabase.oscars.org/Scripts/jquery-1.10.2.min.js?~v=CIgR5JV-o3H5Xo1omTIPxo08-hXmDjKiBRvWT0NZD7w1, line 19: Using //@ to indicate sourceMappingURL pragmas is deprecated. Use //# instead
JavaScript warning: http://awardsdatabase.oscars.org/Scripts/jquery-1.10.2.min.js?~v=CIgR5JV-o3H5Xo1omTIPxo08-hXmDjKiBRvWT0NZD7w1, line 19: Using //@ to indicate sourceMappingURL pragmas is deprecated. Use //# instead
1580191293796	Marionette	INFO	Stopped listening on port 33039
1580191425202	mozrunner::runner	INFO	Running command: "/usr/bin/firefox" "-marionette" "-headless" "-foreground" "-no-remote" "-profile" "/tmp/rust_mozprofiledw3UAU"
*** You are running in headless mode.
1580191425502	addons.webextension.doh-rollout@mozilla.org	WARN	Loading extension 'doh-rollout@mozilla.org': Reading manifest: Invalid extension permission: networkStatus
1580191425600	addons.webextension.screenshots@mozilla.org	WARN	Loading extension 'screenshots@mozilla.org': Reading manifest: Invalid extension permission: mozillaAddons
1580191425600	addons.webextension.screenshots@mozilla.org	WARN	Loading extension 'screenshots@mozilla.org': Reading manifest: Invalid extension permission: telemetry
1580191425600	addons.webextension.screenshots@mozilla.org	WARN	Loading extension 'screenshots@mozilla.org': Reading manifest: Invalid extension permission: resource://pdf.js/
1580191425600	addons.webextension.screenshots@mozilla.org	WARN	Loading extension 'screenshots@mozilla.org': Reading manifest: Invalid extension permission: about:reader*
1580191427170	Marionette	INFO	Listening on port 42895
1580191427228	Marionette	WARN	TLS certificate errors will be ignored for this session
JavaScript warning: http://awardsdatabase.oscars.org/Scripts/jquery-1.10.2.min.js?~v=CIgR5JV-o3H5Xo1omTIPxo08-hXmDjKiBRvWT0NZD7w1, line 19: Using //@ to indicate sourceMappingURL pragmas is deprecated. Use //# instead
JavaScript warning: http://awardsdatabase.oscars.org/Scripts/jquery-1.10.2.min.js?~v=CIgR5JV-o3H5Xo1omTIPxo08-hXmDjKiBRvWT0NZD7w1, line 19: Using //@ to indicate sourceMappingURL pragmas is deprecated. Use //# instead
1580191436846	Marionette	INFO	Stopped listening on port 42895
1580191557046	mozrunner::runner	INFO	Running command: "/usr/bin/firefox" "-marionette" "-headless" "-foreground" "-no-remote" "-profile" "/tmp/rust_mozprofileLXssSG"
*** You are running in headless mode.
1580191557352	addons.webextension.doh-rollout@mozilla.org	WARN	Loading extension 'doh-rollout@mozilla.org': Reading manifest: Invalid extension permission: networkStatus
1580191557454	addons.webextension.screenshots@mozilla.org	WARN	Loading extension 'screenshots@mozilla.org': Reading manifest: Invalid extension permission: mozillaAddons
1580191557455	addons.webextension.screenshots@mozilla.org	WARN	Loading extension 'screenshots@mozilla.org': Reading manifest: Invalid extension permission: telemetry
1580191557455	addons.webextension.screenshots@mozilla.org	WARN	Loading extension 'screenshots@mozilla.org': Reading manifest: Invalid extension permission: resource://pdf.js/
1580191557455	addons.webextension.screenshots@mozilla.org	WARN	Loading extension 'screenshots@mozilla.org': Reading manifest: Invalid extension permission: about:reader*
1580191559161	Marionette	INFO	Listening on port 44003
1580191559258	Marionette	WARN	TLS certificate errors will be ignored for this session
JavaScript warning: http://awardsdatabase.oscars.org/Scripts/jquery-1.10.2.min.js?~v=CIgR5JV-o3H5Xo1omTIPxo08-hXmDjKiBRvWT0NZD7w1, line 19: Using //@ to indicate sourceMappingURL pragmas is deprecated. Use //# instead
1580191610573	Marionette	INFO	Stopped listening on port 44003
1580191619566	mozrunner::runner	INFO	Running command: "/usr/bin/firefox" "-marionette" "-foreground" "-no-remote" "-profile" "/tmp/rust_mozprofileH0Q2fe"
1580191619927	addons.webextension.doh-rollout@mozilla.org	WARN	Loading extension 'doh-rollout@mozilla.org': Reading manifest: Invalid extension permission: networkStatus
1580191620087	addons.webextension.screenshots@mozilla.org	WARN	Loading extension 'screenshots@mozilla.org': Reading manifest: Invalid extension permission: mozillaAddons
1580191620087	addons.webextension.screenshots@mozilla.org	WARN	Loading extension 'screenshots@mozilla.org': Reading manifest: Invalid extension permission: telemetry
1580191620087	addons.webextension.screenshots@mozilla.org	WARN	Loading extension 'screenshots@mozilla.org': Reading manifest: Invalid extension permission: resource://pdf.js/
1580191620087	addons.webextension.screenshots@mozilla.org	WARN	Loading extension 'screenshots@mozilla.org': Reading manifest: Invalid extension permission: about:reader*
1580191621933	Marionette	INFO	Listening on port 32829
1580191621978	Marionette	WARN	TLS certificate errors will be ignored for this session
JavaScript warning: http://awardsdatabase.oscars.org/Scripts/jquery-1.10.2.min.js?~v=CIgR5JV-o3H5Xo1omTIPxo08-hXmDjKiBRvWT0NZD7w1, line 19: Using //@ to indicate sourceMappingURL pragmas is deprecated. Use //# instead
JavaScript warning: http://awardsdatabase.oscars.org/Scripts/jquery-1.10.2.min.js?~v=CIgR5JV-o3H5Xo1omTIPxo08-hXmDjKiBRvWT0NZD7w1, line 19: Using //@ to indicate sourceMappingURL pragmas is deprecated. Use //# instead
1580191823803	Marionette	INFO	Stopped listening on port 32829
1580191921323	mozrunner::runner	INFO	Running command: "/usr/bin/firefox" "-marionette" "-foreground" "-no-remote" "-profile" "/tmp/rust_mozprofile4fMZWG"
1580191921678	addons.webextension.doh-rollout@mozilla.org	WARN	Loading extension 'doh-rollout@mozilla.org': Reading manifest: Invalid extension permission: networkStatus
1580191921816	addons.webextension.screenshots@mozilla.org	WARN	Loading extension 'screenshots@mozilla.org': Reading manifest: Invalid extension permission: mozillaAddons
1580191921816	addons.webextension.screenshots@mozilla.org	WARN	Loading extension 'screenshots@mozilla.org': Reading manifest: Invalid extension permission: telemetry
1580191921816	addons.webextension.screenshots@mozilla.org	WARN	Loading extension 'screenshots@mozilla.org': Reading manifest: Invalid extension permission: resource://pdf.js/
1580191921817	addons.webextension.screenshots@mozilla.org	WARN	Loading extension 'screenshots@mozilla.org': Reading manifest: Invalid extension permission: about:reader*
1580191923773	Marionette	INFO	Listening on port 36239
1580191923831	Marionette	WARN	TLS certificate errors will be ignored for this session
JavaScript warning: http://awardsdatabase.oscars.org/Scripts/jquery-1.10.2.min.js?~v=CIgR5JV-o3H5Xo1omTIPxo08-hXmDjKiBRvWT0NZD7w1, line 19: Using //@ to indicate sourceMappingURL pragmas is deprecated. Use //# instead
1580191931547	Marionette	INFO	Stopped listening on port 36239
1580191941566	mozrunner::runner	INFO	Running command: "/usr/bin/firefox" "-marionette" "-foreground" "-no-remote" "-profile" "/tmp/rust_mozprofileK1DtmH"
1580191941973	addons.webextension.doh-rollout@mozilla.org	WARN	Loading extension 'doh-rollout@mozilla.org': Reading manifest: Invalid extension permission: networkStatus
1580191942110	addons.webextension.screenshots@mozilla.org	WARN	Loading extension 'screenshots@mozilla.org': Reading manifest: Invalid extension permission: mozillaAddons
1580191942113	addons.webextension.screenshots@mozilla.org	WARN	Loading extension 'screenshots@mozilla.org': Reading manifest: Invalid extension permission: telemetry
1580191942114	addons.webextension.screenshots@mozilla.org	WARN	Loading extension 'screenshots@mozilla.org': Reading manifest: Invalid extension permission: resource://pdf.js/
1580191942114	addons.webextension.screenshots@mozilla.org	WARN	Loading extension 'screenshots@mozilla.org': Reading manifest: Invalid extension permission: about:reader*
1580191944004	Marionette	INFO	Listening on port 39157
1580191944074	Marionette	WARN	TLS certificate errors will be ignored for this session
JavaScript warning: http://awardsdatabase.oscars.org/Scripts/jquery-1.10.2.min.js?~v=CIgR5JV-o3H5Xo1omTIPxo08-hXmDjKiBRvWT0NZD7w1, line 19: Using //@ to indicate sourceMappingURL pragmas is deprecated. Use //# instead
1580191952276	Marionette	INFO	Stopped listening on port 39157
1580191967498	mozrunner::runner	INFO	Running command: "/usr/bin/firefox" "-marionette" "-foreground" "-no-remote" "-profile" "/tmp/rust_mozprofilecKdbNO"
1580191967862	addons.webextension.doh-rollout@mozilla.org	WARN	Loading extension 'doh-rollout@mozilla.org': Reading manifest: Invalid extension permission: networkStatus
1580191968005	addons.webextension.screenshots@mozilla.org	WARN	Loading extension 'screenshots@mozilla.org': Reading manifest: Invalid extension permission: mozillaAddons
1580191968005	addons.webextension.screenshots@mozilla.org	WARN	Loading extension 'screenshots@mozilla.org': Reading manifest: Invalid extension permission: telemetry
1580191968005	addons.webextension.screenshots@mozilla.org	WARN	Loading extension 'screenshots@mozilla.org': Reading manifest: Invalid extension permission: resource://pdf.js/
1580191968006	addons.webextension.screenshots@mozilla.org	WARN	Loading extension 'screenshots@mozilla.org': Reading manifest: Invalid extension permission: about:reader*
1580191969872	Marionette	INFO	Listening on port 42037
1580191969907	Marionette	WARN	TLS certificate errors will be ignored for this session
JavaScript warning: http://awardsdatabase.oscars.org/Scripts/jquery-1.10.2.min.js?~v=CIgR5JV-o3H5Xo1omTIPxo08-hXmDjKiBRvWT0NZD7w1, line 19: Using //@ to indicate sourceMappingURL pragmas is deprecated. Use //# instead
JavaScript warning: http://awardsdatabase.oscars.org/Scripts/jquery-1.10.2.min.js?~v=CIgR5JV-o3H5Xo1omTIPxo08-hXmDjKiBRvWT0NZD7w1, line 19: Using //@ to indicate sourceMappingURL pragmas is deprecated. Use //# instead
1580191981635	Marionette	INFO	Stopped listening on port 42037
